2023-04-19 06:47:08,709 [main] DEBUG org.jboss.logging - Logging Provider: org.jboss.logging.Slf4jLoggerProvider 
2023-04-19 06:47:11,259 [main] INFO  io.undertow - starting server: Undertow - 2.2.4.Final 
2023-04-19 06:47:11,291 [main] INFO  org.xnio - XNIO version 3.8.0.Final 
2023-04-19 06:47:11,844 [main] INFO  org.jboss.threads - JBoss Threads version 3.1.0.Final 
2023-04-19 06:47:11,921 [main] DEBUG io.undertow - Configuring listener with protocol HTTP for interface 0.0.0.0 and port 9630 
2023-04-19 07:20:02,933 [Thread-1] INFO  io.undertow - stopping server: Undertow - 2.2.4.Final 
2023-04-19 07:24:20,780 [nREPL-session-67e26ecf-9f68-448a-b76d-5ccb65e061b5] DEBUG org.jboss.logging - Logging Provider: org.jboss.logging.Slf4jLoggerProvider 
2023-04-19 07:24:26,543 [nREPL-session-67e26ecf-9f68-448a-b76d-5ccb65e061b5] INFO  io.undertow - starting server: Undertow - 2.2.4.Final 
2023-04-19 07:24:26,560 [nREPL-session-67e26ecf-9f68-448a-b76d-5ccb65e061b5] INFO  org.xnio - XNIO version 3.8.0.Final 
2023-04-19 07:24:26,913 [nREPL-session-67e26ecf-9f68-448a-b76d-5ccb65e061b5] INFO  org.jboss.threads - JBoss Threads version 3.1.0.Final 
2023-04-19 07:24:26,931 [nREPL-session-67e26ecf-9f68-448a-b76d-5ccb65e061b5] DEBUG io.undertow - Configuring listener with protocol HTTP for interface 0.0.0.0 and port 9630 
2023-04-19 07:27:44,226 [nREPL-session-5376051c-5d82-4e76-838d-54984511ec6b] ERROR com.zaxxer.hikari.pool.HikariPool - HikariPool-1 - Exception during pool initialization. 
org.postgresql.util.PSQLException: FATAL: database "sugbi_test" does not exist
	at org.postgresql.core.v3.QueryExecutorImpl.receiveErrorResponse(QueryExecutorImpl.java:2675)
	at org.postgresql.core.v3.QueryExecutorImpl.readStartupMessages(QueryExecutorImpl.java:2787)
	at org.postgresql.core.v3.QueryExecutorImpl.<init>(QueryExecutorImpl.java:173)
	at org.postgresql.core.v3.ConnectionFactoryImpl.openConnectionImpl(ConnectionFactoryImpl.java:290)
	at org.postgresql.core.ConnectionFactory.openConnection(ConnectionFactory.java:49)
	at org.postgresql.jdbc.PgConnection.<init>(PgConnection.java:223)
	at org.postgresql.Driver.makeConnection(Driver.java:468)
	at org.postgresql.Driver.connect(Driver.java:267)
	at com.zaxxer.hikari.util.DriverDataSource.getConnection(DriverDataSource.java:121)
	at com.zaxxer.hikari.pool.PoolBase.newConnection(PoolBase.java:364)
	at com.zaxxer.hikari.pool.PoolBase.newPoolEntry(PoolBase.java:206)
	at com.zaxxer.hikari.pool.HikariPool.createPoolEntry(HikariPool.java:476)
	at com.zaxxer.hikari.pool.HikariPool.checkFailFast(HikariPool.java:561)
	at com.zaxxer.hikari.pool.HikariPool.<init>(HikariPool.java:115)
	at com.zaxxer.hikari.HikariDataSource.<init>(HikariDataSource.java:81)
	at hikari_cp.core$make_datasource.invokeStatic(core.clj:268)
	at hikari_cp.core$make_datasource.invoke(core.clj:265)
	at conman.core$connect_BANG_.invokeStatic(core.clj:159)
	at conman.core$connect_BANG_.invoke(core.clj:155)
	at sugbi.db.core$fn__26197.invokeStatic(core.clj:15)
	at sugbi.db.core$fn__26197.invoke(core.clj:13)
	at mount.core$record_BANG_.invokeStatic(core.cljc:74)
	at mount.core$record_BANG_.invoke(core.cljc:73)
	at mount.core$up$fn__451.invoke(core.cljc:81)
	at mount.core$up.invokeStatic(core.cljc:80)
	at mount.core$up.invoke(core.cljc:78)
	at mount.core$bring.invokeStatic(core.cljc:247)
	at mount.core$bring.invoke(core.cljc:239)
	at mount.core$start.invokeStatic(core.cljc:289)
	at mount.core$start.doInvoke(core.cljc:281)
	at clojure.lang.RestFn.applyTo(RestFn.java:137)
	at clojure.core$apply.invokeStatic(core.clj:667)
	at clojure.core$apply.invoke(core.clj:662)
	at mount.core$start_without.invokeStatic(core.cljc:409)
	at mount.core$start_without.doInvoke(core.cljc:403)
	at clojure.lang.RestFn.invoke(RestFn.java:408)
	at user$start.invokeStatic(user.clj:22)
	at user$start.invoke(user.clj:18)
	at user$eval51765.invokeStatic(form-init62009483997419753.clj:61)
	at user$eval51765.invoke(form-init62009483997419753.clj:61)
	at clojure.lang.Compiler.eval(Compiler.java:7194)
	at clojure.lang.Compiler.eval(Compiler.java:7149)
	at clojure.core$eval.invokeStatic(core.clj:3215)
	at clojure.core$eval.invoke(core.clj:3211)
	at nrepl.middleware.interruptible_eval$evaluate$fn__22792$fn__22793.invoke(interruptible_eval.clj:87)
	at clojure.lang.AFn.applyToHelper(AFn.java:152)
	at clojure.lang.AFn.applyTo(AFn.java:144)
	at clojure.core$apply.invokeStatic(core.clj:667)
	at clojure.core$with_bindings_STAR_.invokeStatic(core.clj:1990)
	at clojure.core$with_bindings_STAR_.doInvoke(core.clj:1990)
	at clojure.lang.RestFn.invoke(RestFn.java:425)
	at nrepl.middleware.interruptible_eval$evaluate$fn__22792.invoke(interruptible_eval.clj:87)
	at clojure.main$repl$read_eval_print__9206$fn__9209.invoke(main.clj:437)
	at clojure.main$repl$read_eval_print__9206.invoke(main.clj:437)
	at clojure.main$repl$fn__9215.invoke(main.clj:458)
	at clojure.main$repl.invokeStatic(main.clj:458)
	at clojure.main$repl.doInvoke(main.clj:368)
	at clojure.lang.RestFn.invoke(RestFn.java:1523)
	at nrepl.middleware.interruptible_eval$evaluate.invokeStatic(interruptible_eval.clj:84)
	at nrepl.middleware.interruptible_eval$evaluate.invoke(interruptible_eval.clj:56)
	at nrepl.middleware.interruptible_eval$interruptible_eval$fn__22825$fn__22829.invoke(interruptible_eval.clj:152)
	at clojure.lang.AFn.run(AFn.java:22)
	at nrepl.middleware.session$session_exec$main_loop__22895$fn__22899.invoke(session.clj:218)
	at nrepl.middleware.session$session_exec$main_loop__22895.invoke(session.clj:217)
	at clojure.lang.AFn.run(AFn.java:22)
	at java.base/java.lang.Thread.run(Thread.java:833)
2023-04-19 07:41:29,490 [Thread-9] INFO  io.undertow - stopping server: Undertow - 2.2.4.Final 
2023-04-19 07:42:35,353 [nREPL-session-bb69e82b-0442-4f7c-9ec4-aa3efa53ef18] DEBUG org.jboss.logging - Logging Provider: org.jboss.logging.Slf4jLoggerProvider 
2023-04-19 07:42:40,539 [nREPL-session-bb69e82b-0442-4f7c-9ec4-aa3efa53ef18] INFO  io.undertow - starting server: Undertow - 2.2.4.Final 
2023-04-19 07:42:40,548 [nREPL-session-bb69e82b-0442-4f7c-9ec4-aa3efa53ef18] INFO  org.xnio - XNIO version 3.8.0.Final 
2023-04-19 07:42:40,750 [nREPL-session-bb69e82b-0442-4f7c-9ec4-aa3efa53ef18] INFO  org.jboss.threads - JBoss Threads version 3.1.0.Final 
2023-04-19 07:42:40,767 [nREPL-session-bb69e82b-0442-4f7c-9ec4-aa3efa53ef18] DEBUG io.undertow - Configuring listener with protocol HTTP for interface 0.0.0.0 and port 9630 
2023-04-19 07:43:26,809 [nREPL-session-69527295-0888-459c-abe6-75e346f3926e] INFO  sugbi.env - 
-=[sugbi started successfully using the development profile]=- 
2023-04-19 07:43:27,865 [nREPL-session-69527295-0888-459c-abe6-75e346f3926e] INFO  luminus.http-server - server started on port 3000 
